0 info it worked if it ends with ok
1 verbose cli [ 'C:\\Program Files\\nodejs\\node.exe',
1 verbose cli   'C:\\Program Files\\nodejs\\node_modules\\npm\\bin\\npm-cli.js',
1 verbose cli   'run',
1 verbose cli   'server' ]
2 info using npm@3.10.9
3 info using node@v7.1.0
4 verbose run-script [ 'preserver', 'server', 'postserver' ]
5 info lifecycle reactredux@1.0.0~preserver: reactredux@1.0.0
6 silly lifecycle reactredux@1.0.0~preserver: no script for preserver, continuing
7 info lifecycle reactredux@1.0.0~server: reactredux@1.0.0
8 verbose lifecycle reactredux@1.0.0~server: unsafe-perm in lifecycle true
9 verbose lifecycle reactredux@1.0.0~server: PATH: C:\Program Files\nodejs\node_modules\npm\bin\node-gyp-bin;D:\tutors\react-redux\node_modules\.bin;C:\Users\Aliaksei_Barkou\bin;C:\Program Files\Git\mingw64\bin;C:\Program Files\Git\usr\local\bin;C:\Program Files\Git\usr\bin;C:\Program Files\Git\usr\bin;C:\Program Files\Git\mingw64\bin;C:\Program Files\Git\usr\bin;C:\Users\Aliaksei_Barkou\bin;C:\ProgramData\Oracle\Java\javapath;C:\VulkanSDK\1.0.30.0\Bin;C:\WINDOWS\system32;C:\WINDOWS;C:\WINDOWS\System32\Wbem;C:\WINDOWS\System32\WindowsPowerShell\v1.0;C:\Program Files\TortoiseSVN\bin;C:\Program Files\Java\jdk1.8.0_101\bin;C:\Program Files\apache-maven-3.3.9\bin;C:\Program Files\Git\cmd;C:\Program Files\Git\usr\bin;C:\Program Files\Git\usr\bin;C:\Program Files (x86)\Windows Kits\8.1\Windows Performance Toolkit;%USERPROFILE%\.dnx\bin;C:\Program Files\Microsoft DNX\Dnvm;C:\Program Files\Microsoft SQL Server\130\Tools\Binn;C:\Program Files\nodejs;C:\Users\Aliaksei_Barkou\AppData\Local\atom;C:\Program Files (x86)\Skype\Phone;C:\Users\Aliaksei_Barkou\AppData\Local\Programs\Python\Python35\Scripts;C:\Users\Aliaksei_Barkou\AppData\Local\Programs\Python\Python35;C:\Ruby22-x64\bin;C:\Users\Aliaksei_Barkou\AppData\Local\Microsoft\WindowsApps;D:\apache-tomcat-9.0.0.M3\lib;C:\Program Files\cmake-3.7.0-rc2-win64-x64\bin;C:\Users\Aliaksei_Barkou\AppData\Roaming\npm;C:\Program Files\NPM;C:\Program Files\Git\usr\bin\vendor_perl;C:\Program Files\Git\usr\bin\core_perl
10 verbose lifecycle reactredux@1.0.0~server: CWD: D:\tutors\react-redux
11 silly lifecycle reactredux@1.0.0~server: Args: [ '/d /s /c', 'node server' ]
12 silly lifecycle reactredux@1.0.0~server: Returned: code: 1  signal: null
13 info lifecycle reactredux@1.0.0~server: Failed to exec server script
14 verbose stack Error: reactredux@1.0.0 server: `node server`
14 verbose stack Exit status 1
14 verbose stack     at EventEmitter.<anonymous> (C:\Program Files\nodejs\node_modules\npm\lib\utils\lifecycle.js:255:16)
14 verbose stack     at emitTwo (events.js:106:13)
14 verbose stack     at EventEmitter.emit (events.js:191:7)
14 verbose stack     at ChildProcess.<anonymous> (C:\Program Files\nodejs\node_modules\npm\lib\utils\spawn.js:40:14)
14 verbose stack     at emitTwo (events.js:106:13)
14 verbose stack     at ChildProcess.emit (events.js:191:7)
14 verbose stack     at maybeClose (internal/child_process.js:885:16)
14 verbose stack     at Process.ChildProcess._handle.onexit (internal/child_process.js:226:5)
15 verbose pkgid reactredux@1.0.0
16 verbose cwd D:\tutors\react-redux
17 error Windows_NT 10.0.14393
18 error argv "C:\\Program Files\\nodejs\\node.exe" "C:\\Program Files\\nodejs\\node_modules\\npm\\bin\\npm-cli.js" "run" "server"
19 error node v7.1.0
20 error npm  v3.10.9
21 error code ELIFECYCLE
22 error reactredux@1.0.0 server: `node server`
22 error Exit status 1
23 error Failed at the reactredux@1.0.0 server script 'node server'.
23 error Make sure you have the latest version of node.js and npm installed.
23 error If you do, this is most likely a problem with the reactredux package,
23 error not with npm itself.
23 error Tell the author that this fails on your system:
23 error     node server
23 error You can get information on how to open an issue for this project with:
23 error     npm bugs reactredux
23 error Or if that isn't available, you can get their info via:
23 error     npm owner ls reactredux
23 error There is likely additional logging output above.
24 verbose exit [ 1, true ]
